<?xml version="1.0" encoding="UTF-8"?>
<testsuite xmlns:xsi="http://www.w3.org/2001/XMLSchema-instance" xsi:noNamespaceSchemaLocation="https://maven.apache.org/surefire/maven-surefire-plugin/xsd/surefire-test-report-3.0.xsd" version="3.0" name="testRunner.TestRunner" time="32.189" tests="4" errors="0" skipped="0" failures="0">
  <properties>
[...]
</properties>
  <testcase name="SuccesFully add to the cart and checkout" classname="Add to the cart and checkout" time="10.126">
    <system-out><![CDATA[
@Regression
Scenario: SuccesFully add to the cart and checkout # Features/AddToCart.feature:4
  Given User Launch Browser                        # stepDefinitions.TestSteps.user_launch_browser()
  And Opens URL "http://demo.opencart.com/"        # stepDefinitions.TestSteps.opens_url(java.lang.String)
  When click on the desktop                        # stepDefinitions.TestSteps.click_on_the_desktop()
  And click on the mac                             # stepDefinitions.TestSteps.click_on_the_mac()
  And click on the mac1                            # stepDefinitions.TestSteps.click_on_the_mac1()
  And click on the addtocart                       # stepDefinitions.TestSteps.click_on_the_addtocart()
test is passed
  Then validate the alert message                  # stepDefinitions.TestSteps.validate_the_alert_message()
  When click on the shoppingcart                   # stepDefinitions.TestSteps.click_on_the_shoppingcart()
  And click on the money                           # stepDefinitions.TestSteps.click_on_the_money()
Your shopping cart is empty!
  Then validate the text message                   # stepDefinitions.TestSteps.validate_the_text_message()
  And click on the checkout                        # stepDefinitions.TestSteps.click_on_the_checkout()
Shopping Cart
  Then validate the message                        # stepDefinitions.TestSteps.validate_the_message()
Scenariro status:PASSED
]]></system-out>
    <system-err><![CDATA[SLF4J: Failed to load class "org.slf4j.impl.StaticLoggerBinder".
SLF4J: Defaulting to no-operation (NOP) logger implementation
SLF4J: See http://www.slf4j.org/codes.html#StaticLoggerBinder for further details.
Starting ChromeDriver 114.0.5735.90 (386bc09e8f4f2e025eddae123f36f6263096ae49-refs/branch-heads/5735@{#1052}) on port 38689
Only local connections are allowed.
Please see https://chromedriver.chromium.org/security-considerations for suggestions on keeping ChromeDriver safe.
ChromeDriver was started successfully.
Jul 10, 2023 8:54:46 AM org.openqa.selenium.devtools.CdpVersionFinder findNearestMatch
WARNING: Unable to find an exact match for CDP version 114, so returning the closest version found: 112
]]></system-err>
  </testcase>
  <testcase name="Succesfull login With Valid Credentials" classname="Login With Valid Credentials #1" time="5.611">
    <system-out><![CDATA[
@Sanity @Regression
Scenario: Succesfull login With Valid Credentials                              # Features/LogIn.feature:4
  Given User Launch Browser                                                    # stepDefinitions.TestSteps.user_launch_browser()
  And Opens URL "http://demo.opencart.com/"                                    # stepDefinitions.TestSteps.opens_url(java.lang.String)
  When User Navigate To MyAccount Menu                                         # stepDefinitions.TestSteps.user_navigate_to_my_account_menu()
  And Click on Login                                                           # stepDefinitions.TestSteps.click_on_login()
  And User Enters Email as "padukadiyala@gmail.com" and Password as "kadi@123" # stepDefinitions.TestSteps.user_enters_email_as_and_password_as(java.lang.String,java.lang.String)
  And Click on Login button                                                    # stepDefinitions.TestSteps.click_on_login_button()
Scenariro status:PASSED
]]></system-out>
    <system-err><![CDATA[Starting ChromeDriver 114.0.5735.90 (386bc09e8f4f2e025eddae123f36f6263096ae49-refs/branch-heads/5735@{#1052}) on port 41001
Only local connections are allowed.
Please see https://chromedriver.chromium.org/security-considerations for suggestions on keeping ChromeDriver safe.
ChromeDriver was started successfully.
Jul 10, 2023 8:54:54 AM org.openqa.selenium.devtools.CdpVersionFinder findNearestMatch
WARNING: Unable to find an exact match for CDP version 114, so returning the closest version found: 112
]]></system-err>
  </testcase>
  <testcase name="Succesfull login With Valid Credentials #1" classname="Login With Valid Credentials #2" time="7.409">
    <system-out><![CDATA[
@Sanity
Scenario Outline: Succesfull login With Valid Credentials                                                                          # Features/LogInDDT.feature:25
  Given User Launch Browser                                                                                                        # stepDefinitions.TestSteps.user_launch_browser()
  And Opens URL "http://demo.opencart.com/"                                                                                        # stepDefinitions.TestSteps.opens_url(java.lang.String)
  When User Navigate To MyAccount Menu                                                                                             # stepDefinitions.TestSteps.user_navigate_to_my_account_menu()
  And Click on Register                                                                                                            # stepDefinitions.TestSteps.click_on_register()
  And User Enters First Name as "kranthi" and Last Name as "kadiyala" and E-Mail as "kranthikadiyala" and Password as "<Password>" # stepDefinitions.TestSteps.user_enters_first_name_as_and_last_name_as_and_e_mail_as_and_password_as(java.lang.String,java.lang.String,java.lang.String,java.lang.String)
  And User click on the radio button yes to Subscribe NewsLetter                                                                   # stepDefinitions.TestSteps.user_click_on_the_radio_button_yes_to_subscribe_news_letter()
  And User click on the check box to agree privacy policy                                                                          # stepDefinitions.TestSteps.user_click_on_the_check_box_to_agree_privacy_policy()
  And Click on continue button                                                                                                     # stepDefinitions.TestSteps.click_on_continue_button()
Scenariro status:PASSED
]]></system-out>
    <system-err><![CDATA[Starting ChromeDriver 114.0.5735.90 (386bc09e8f4f2e025eddae123f36f6263096ae49-refs/branch-heads/5735@{#1052}) on port 34840
Only local connections are allowed.
Please see https://chromedriver.chromium.org/security-considerations for suggestions on keeping ChromeDriver safe.
ChromeDriver was started successfully.
Jul 10, 2023 8:54:59 AM org.openqa.selenium.devtools.CdpVersionFinder findNearestMatch
WARNING: Unable to find an exact match for CDP version 114, so returning the closest version found: 112
]]></system-err>
  </testcase>
  <testcase name="Succesfull login With Valid Credentials #2" classname="Login With Valid Credentials #2" time="7.606">
    <system-out><![CDATA[
@Sanity
Scenario Outline: Succesfull login With Valid Credentials                                                                              # Features/LogInDDT.feature:26
  Given User Launch Browser                                                                                                            # stepDefinitions.TestSteps.user_launch_browser()
  And Opens URL "http://demo.opencart.com/"                                                                                            # stepDefinitions.TestSteps.opens_url(java.lang.String)
  When User Navigate To MyAccount Menu                                                                                                 # stepDefinitions.TestSteps.user_navigate_to_my_account_menu()
  And Click on Register                                                                                                                # stepDefinitions.TestSteps.click_on_register()
  And User Enters First Name as "padu" and Last Name as "kadiyala" and E-Mail as "padukadiyala@gmail.com" and Password as "<Password>" # stepDefinitions.TestSteps.user_enters_first_name_as_and_last_name_as_and_e_mail_as_and_password_as(java.lang.String,java.lang.String,java.lang.String,java.lang.String)
  And User click on the radio button yes to Subscribe NewsLetter                                                                       # stepDefinitions.TestSteps.user_click_on_the_radio_button_yes_to_subscribe_news_letter()
  And User click on the check box to agree privacy policy                                                                              # stepDefinitions.TestSteps.user_click_on_the_check_box_to_agree_privacy_policy()
  And Click on continue button                                                                                                         # stepDefinitions.TestSteps.click_on_continue_button()
Scenariro status:PASSED
]]></system-out>
    <system-err><![CDATA[Starting ChromeDriver 114.0.5735.90 (386bc09e8f4f2e025eddae123f36f6263096ae49-refs/branch-heads/5735@{#1052}) on port 2668
Only local connections are allowed.
Please see https://chromedriver.chromium.org/security-considerations for suggestions on keeping ChromeDriver safe.
ChromeDriver was started successfully.
Jul 10, 2023 8:55:06 AM org.openqa.selenium.devtools.CdpVersionFinder findNearestMatch
WARNING: Unable to find an exact match for CDP version 114, so returning the closest version found: 112
]]></system-err>
  </testcase>
</testsuite>